<?xml version="1.0" encoding="UTF-8"?>
<!-- Generated by org.testng.reporters.JUnitReportReporter -->
<testsuite hostname="RAYAN" failures="0" tests="1" name="NEXTeTICKET_TestRunner.NEXTeTICKET_TestRunner" time="14.371" errors="0" timestamp="2023-10-29T20:13:26 EDT" skipped="0">
  <testcase classname="NEXTeTICKET_TestRunner.NEXTeTICKET_TestRunner" name="feature" time="14.371"/>
</testsuite> <!-- NEXTeTICKET_TestRunner.NEXTeTICKET_TestRunner -->
